{"level":"error","timestamp":"12-21-2024 09:33:46","message":"register user service error : PrismaClientKnownRequestError: \nInvalid `this.prisma.user.create()` invocation in\nL:\\express-bun-server\\service\\auth.services.ts:39:43\n\n  36 //Replace the plain password with hashed password\n  37 const userData = {...user, password: hashedPassword}\n  38 //Save the user to database\n→ 39 const data = await this.prisma.user.create(\nUnique constraint failed on the fields: (`email`)","data":{}}
{"level":"error","timestamp":"12-21-2024 09:40:48","message":"Error in register method: Error: A user with this email already exists!","data":{}}
{"level":"error","timestamp":"12-21-2024 09:41:22","message":"register user service error : Error: Email already exist!","data":{}}
{"level":"error","timestamp":"12-21-2024 09:41:22","message":"Error in register method: Error: Email already exist!","data":{}}
{"level":"error","timestamp":"12-21-2024 09:42:00","message":"register user service error : Error: Email already exist!","data":{}}
{"level":"error","timestamp":"12-21-2024 09:42:00","message":"Error in register method: Error: Email already exist!","data":{}}
{"level":"error","timestamp":"12-21-2024 09:42:57","message":"register user service error : Error: Email already exist!","data":{}}
{"level":"error","timestamp":"12-21-2024 09:42:57","message":"Error in register method: Error: Email already exist!","data":{}}
{"level":"error","timestamp":"12-21-2024 09:47:02","message":"register user service error : Error: Email already exist!","data":{}}
{"level":"error","timestamp":"12-21-2024 09:47:02","message":"Error in register method: Error: Email already exist!","data":{}}
{"level":"error","timestamp":"12-21-2024 09:54:07","message":"register user service error : Error: Email is already in use.","data":{}}
{"level":"error","timestamp":"12-21-2024 09:54:07","message":"Error in register method: Error: Email is already in use.","data":{}}
{"level":"error","timestamp":"12-21-2024 10:51:01","message":"register user service error : Error: Email is already in use.","data":{}}
{"level":"error","timestamp":"12-21-2024 10:51:01","message":"Error in register method: Error: Email is already in use.","data":{}}
{"level":"error","timestamp":"12-21-2024 15:24:10","message":"register user service error : Error: Email is already in use.","data":{}}
{"level":"error","timestamp":"12-21-2024 15:24:10","message":"Error in register method: Error: Email is already in use.","data":{}}
{"level":"error","timestamp":"12-21-2024 15:50:39","message":"Login error: Error: data and hash must be strings","data":{}}
{"level":"error","timestamp":"12-21-2024 15:50:39","message":"Error in login method: Error: Login failed. Please try again.","data":{}}
{"level":"error","timestamp":"12-21-2024 15:53:28","message":"Login error: Error: data and hash must be strings","data":{}}
{"level":"error","timestamp":"12-21-2024 15:53:28","message":"Error in login method: Error: Login failed. Please try again.","data":{}}
{"level":"error","timestamp":"12-21-2024 15:59:52","message":"Login error: Error: data and hash must be strings","data":{}}
{"level":"error","timestamp":"12-21-2024 15:59:52","message":"Error in login method: Error: Login failed. Please check your credentials and try again.","data":{}}
{"level":"error","timestamp":"12-21-2024 16:01:36","message":"register user service error : Error: Email is already in use.","data":{}}
{"level":"error","timestamp":"12-21-2024 16:01:36","message":"Error in register method: Error: Email is already in use.","data":{}}
{"level":"error","timestamp":"12-21-2024 21:27:48","message":"Error initializing configuration: [\n  {\n    \"code\": \"invalid_type\",\n    \"expected\": \"boolean\",\n    \"received\": \"string\",\n    \"path\": [\n      \"MAIL_USE_TLS\"\n    ],\n    \"message\": \"Expected boolean, received string\"\n  },\n  {\n    \"code\": \"invalid_type\",\n    \"expected\": \"boolean\",\n    \"received\": \"string\",\n    \"path\": [\n      \"MAIL_USE_SSL\"\n    ],\n    \"message\": \"Expected boolean, received string\"\n  }\n]","data":{}}
{"level":"error","timestamp":"12-21-2024 21:43:21","message":"register user service error : Error: Email is already in use.","data":{}}
{"level":"error","timestamp":"12-21-2024 21:43:21","message":"Error in register method: Error: Email is already in use.","data":{}}
{"level":"error","timestamp":"12-21-2024 22:51:54","message":"Login error: Error: Invalid email or password.","data":{}}
{"level":"error","timestamp":"12-21-2024 22:51:54","message":"Error in login method: Error: Incorrect email or password. Please try again.","data":{}}
{"level":"error","timestamp":"12-22-2024 15:41:05","message":"Error in login method: Error: Incorrect email or password. Please try again.","data":{}}
{"level":"error","timestamp":"12-24-2024 09:07:36","message":"register user service error : Error: Email is already in use.","data":{}}
{"level":"error","timestamp":"12-24-2024 09:07:36","message":"Error in register method: Error: Email is already in use.","data":{}}
{"level":"error","timestamp":"12-24-2024 09:09:06","message":"register user service error : Error: Email is already in use.","data":{}}
{"level":"error","timestamp":"12-24-2024 09:09:06","message":"Error in register method: Error: Email is already in use.","data":{}}
{"level":"error","timestamp":"12-24-2024 09:21:06","message":"register user service error : Error: Email is already in use.","data":{}}
{"level":"error","timestamp":"12-24-2024 09:21:06","message":"Error in register method: Error: Email is already in use.","data":{}}
{"level":"error","timestamp":"12-24-2024 09:27:05","message":"register user service error : Error: Email is already in use.","data":{}}
{"level":"error","timestamp":"12-24-2024 09:27:05","message":"Error in register method: Error: Email is already in use.","data":{}}
{"level":"error","timestamp":"12-24-2024 09:36:41","message":"register user service error : Error: Email is already in use.","data":{}}
{"level":"error","timestamp":"12-24-2024 09:36:41","message":"Error in register method: Error: Email is already in use.","data":{}}
{"level":"error","timestamp":"12-24-2024 09:39:37","message":"register user service error : Error: Email is already in use.","data":{}}
{"level":"error","timestamp":"12-24-2024 09:39:37","message":"Error in register method: Error: Email is already in use.","data":{}}
{"level":"error","timestamp":"12-24-2024 10:11:12","message":"Error in login method: Error: Incorrect email or password. Please try again.","data":{}}
{"level":"error","timestamp":"12-24-2024 10:40:25","message":"Forgot password service error for email lou@gmail.com: User with that email not found!","data":{}}
{"level":"error","timestamp":"12-24-2024 10:40:25","message":"Error in forgot password method: Error: An error occurred while processing your forgot password request.","data":{}}
{"level":"error","timestamp":"12-24-2024 10:41:34","message":"Forgot password service error for email l@gmail.Com: User with that email not found!","data":{}}
{"level":"error","timestamp":"12-24-2024 10:41:34","message":"Error in forgot password method: Error: An error occurred while processing your forgot password request.","data":{}}
{"level":"error","timestamp":"12-24-2024 10:41:52","message":"Forgot password service error for email louai.aloui@esprit.tn: User with that email not found!","data":{}}
{"level":"error","timestamp":"12-24-2024 10:41:52","message":"Error in forgot password method: Error: An error occurred while processing your forgot password request.","data":{}}
{"level":"error","timestamp":"12-24-2024 10:42:33","message":"Forgot password service error for email a@gmail.com: User with that email not found!","data":{}}
{"level":"error","timestamp":"12-24-2024 10:42:33","message":"Error in forgot password method: Error: An error occurred while processing your forgot password request.","data":{}}
{"level":"error","timestamp":"12-24-2024 10:43:27","message":"Forgot password service error for email l@gmail.Com: User with that email not found!","data":{}}
{"level":"error","timestamp":"12-24-2024 10:43:27","message":"Error in forgot password method: Error: An error occurred while processing your forgot password request.","data":{}}
{"level":"error","timestamp":"12-24-2024 10:46:27","message":"Forgot password service error for email l@gmail.Com: Error: User with that email not found!","data":{}}
{"level":"error","timestamp":"12-24-2024 10:46:27","message":"Error in forgot password method: Error: User with that email not found!","data":{}}
{"level":"error","timestamp":"12-24-2024 12:27:50","message":"Error resetting password: data and salt arguments required","data":{}}
{"level":"error","timestamp":"12-24-2024 12:27:50","message":"Error in reset password method: Error: data and salt arguments required","data":{}}
{"level":"error","timestamp":"12-24-2024 12:35:52","message":"Error in login method: Error: Incorrect email or password. Please try again.","data":{}}
{"level":"error","timestamp":"12-24-2024 19:55:05","message":"register user service error : PrismaClientValidationError: \nInvalid `this.prisma.user.create()` invocation in\nL:\\express-bun-server\\src\\service\\auth.services.ts:136:43\n\n  133 //Replace the plain password with hashed password\n  134 const userData = { ...user, password: hashedPassword };\n  135 //Save the user to database\n→ 136 const data = await this.prisma.user.create({\n        data: {\n          firstname: \"Aloui\",\n          lastname: \"Louai\",\n          email: \"louaialoui1993@gmail.com\",\n          password: \"$2b$10$w.lXrKCLCW/EcrgnSXDtGeJHD1QNnvGbDDLdtrYV7FYq67uh02q92\",\n          role: \"teacher\"\n                ~~~~~~~~~\n        }\n      })\n\nInvalid value for argument `role`. Expected Role.","data":{}}
{"level":"error","timestamp":"12-24-2024 19:55:05","message":"Error in register method: PrismaClientValidationError: \nInvalid `this.prisma.user.create()` invocation in\nL:\\express-bun-server\\src\\service\\auth.services.ts:136:43\n\n  133 //Replace the plain password with hashed password\n  134 const userData = { ...user, password: hashedPassword };\n  135 //Save the user to database\n→ 136 const data = await this.prisma.user.create({\n        data: {\n          firstname: \"Aloui\",\n          lastname: \"Louai\",\n          email: \"louaialoui1993@gmail.com\",\n          password: \"$2b$10$w.lXrKCLCW/EcrgnSXDtGeJHD1QNnvGbDDLdtrYV7FYq67uh02q92\",\n          role: \"teacher\"\n                ~~~~~~~~~\n        }\n      })\n\nInvalid value for argument `role`. Expected Role.","data":{}}
{"level":"error","timestamp":"12-24-2024 19:57:00","message":"register user service error : PrismaClientValidationError: \nInvalid `this.prisma.user.create()` invocation in\nL:\\express-bun-server\\src\\service\\auth.services.ts:136:43\n\n  133 //Replace the plain password with hashed password\n  134 const userData = { ...user, password: hashedPassword };\n  135 //Save the user to database\n→ 136 const data = await this.prisma.user.create({\n        data: {\n          firstname: \"Aloui\",\n          lastname: \"Louai\",\n          email: \"louaialoui1993@gmail.com\",\n          password: \"$2b$10$RGR.RKgTM6njalAqvLU7g.wQ/eVRIp0PNoD3PuxabCkW3pQ8/ULK6\",\n          role: \"teacher\"\n                ~~~~~~~~~\n        }\n      })\n\nInvalid value for argument `role`. Expected Role.","data":{}}
{"level":"error","timestamp":"12-24-2024 19:57:00","message":"Error in register method: PrismaClientValidationError: \nInvalid `this.prisma.user.create()` invocation in\nL:\\express-bun-server\\src\\service\\auth.services.ts:136:43\n\n  133 //Replace the plain password with hashed password\n  134 const userData = { ...user, password: hashedPassword };\n  135 //Save the user to database\n→ 136 const data = await this.prisma.user.create({\n        data: {\n          firstname: \"Aloui\",\n          lastname: \"Louai\",\n          email: \"louaialoui1993@gmail.com\",\n          password: \"$2b$10$RGR.RKgTM6njalAqvLU7g.wQ/eVRIp0PNoD3PuxabCkW3pQ8/ULK6\",\n          role: \"teacher\"\n                ~~~~~~~~~\n        }\n      })\n\nInvalid value for argument `role`. Expected Role.","data":{}}
{"level":"error","timestamp":"12-25-2024 11:04:42","message":"Error in login method: Error: Incorrect email or password. Please try again.","data":{}}
{"level":"error","timestamp":"12-29-2024 22:49:03","message":"Error in login method: Error: Incorrect email or password. Please try again.","data":{}}
